<?xml version="1.0" encoding="UTF-8"?>
<!-- Generated by org.testng.reporters.JUnitReportReporter -->
<testsuite hostname="Note-ProBook" failures="0" tests="1" name="TestNG.bd_connectTest" time="0.813" errors="0" timestamp="2021-09-11T23:38:44 GMT-04:00" skipped="0">
  <testcase classname="TestNG.bd_connectTest" name="test" time="0.813"/>
  <system-out/>
</testsuite> <!-- TestNG.bd_connectTest -->
