<?xml version="1.0" encoding="UTF-8"?>
<!-- Generated by org.testng.reporters.JUnitReportReporter -->
<testsuite hostname="Note-ProBook" failures="0" tests="1" name="TestRunner.Runner_LoginIncorrecto" time="10.632" errors="0" timestamp="2021-09-11T23:38:44 GMT-04:00" skipped="0">
  <testcase classname="TestRunner.Runner_LoginIncorrecto" name="runScenario" time="10.632"/>
  <system-out/>
</testsuite> <!-- TestRunner.Runner_LoginIncorrecto -->
